<?xml version="1.0" encoding="UTF-8"?>
<!-- Generated by org.testng.reporters.JUnitXMLReporter -->
<testsuite ignored="1" hostname="dreamer" failures="0" tests="1" name="TestGoogle" time="5.013" errors="0" timestamp="2024-03-14T01:31:15 IST">
  <testcase classname="MavenTutorial.BrowserTest" name="TestGoogle" time="3.076"/>
  <testcase classname="MavenTutorial.BrowserTest" name="TestOrangeHRMLogin" time="0.0">
    <ignored/>
  </testcase> <!-- TestOrangeHRMLogin -->
</testsuite> <!-- TestGoogle -->
