<?xml version="1.0" encoding="UTF-8"?>
<testng-results ignored="0" total="2" passed="2" failed="0" skipped="0">
  <reporter-output>
  </reporter-output>
  <suite started-at="2024-03-14T17:39:48 IST" name="Suite" finished-at="2024-03-14T17:39:58 IST" duration-ms="10134">
    <groups>
    </groups>
    <test started-at="2024-03-14T17:39:48 IST" name="TestGoogle" finished-at="2024-03-14T17:39:54 IST" duration-ms="6202">
      <class name="MavenTutorial.BrowserTest">
        <test-method is-config="true" signature="setup()[pri:0, instance:MavenTutorial.BrowserTest@37afeb11]" started-at="2024-03-14T17:39:48 IST" name="setup" finished-at="2024-03-14T17:39:50 IST" duration-ms="2046" status="PASS">
          <reporter-output>
          </reporter-output>
        </test-method> <!-- setup -->
        <test-method signature="TestGoogle()[pri:0, instance:MavenTutorial.BrowserTest@37afeb11]" started-at="2024-03-14T17:39:50 IST" name="TestGoogle" finished-at="2024-03-14T17:39:54 IST" duration-ms="3838" status="PASS">
          <reporter-output>
          </reporter-output>
        </test-method> <!-- TestGoogle -->
        <test-method is-config="true" signature="TearDown()[pri:0, instance:MavenTutorial.BrowserTest@37afeb11]" started-at="2024-03-14T17:39:54 IST" name="TearDown" finished-at="2024-03-14T17:39:54 IST" duration-ms="287" status="PASS">
          <reporter-output>
          </reporter-output>
        </test-method> <!-- TearDown -->
      </class> <!-- MavenTutorial.BrowserTest -->
    </test> <!-- TestGoogle -->
    <test started-at="2024-03-14T17:39:48 IST" name="Testorange" finished-at="2024-03-14T17:39:58 IST" duration-ms="10134">
      <class name="MavenTutorial.BrowserTest">
        <test-method is-config="true" signature="setup()[pri:0, instance:MavenTutorial.BrowserTest@74f0ea28]" started-at="2024-03-14T17:39:48 IST" name="setup" finished-at="2024-03-14T17:39:50 IST" duration-ms="2046" status="PASS">
          <reporter-output>
          </reporter-output>
        </test-method> <!-- setup -->
        <test-method signature="TestOrangeHRMLogin()[pri:0, instance:MavenTutorial.BrowserTest@74f0ea28]" started-at="2024-03-14T17:39:50 IST" name="TestOrangeHRMLogin" finished-at="2024-03-14T17:39:58 IST" duration-ms="7781" status="PASS">
          <reporter-output>
          </reporter-output>
        </test-method> <!-- TestOrangeHRMLogin -->
        <test-method is-config="true" signature="TearDown()[pri:0, instance:MavenTutorial.BrowserTest@74f0ea28]" started-at="2024-03-14T17:39:58 IST" name="TearDown" finished-at="2024-03-14T17:39:58 IST" duration-ms="281" status="PASS">
          <reporter-output>
          </reporter-output>
        </test-method> <!-- TearDown -->
      </class> <!-- MavenTutorial.BrowserTest -->
    </test> <!-- Testorange -->
  </suite> <!-- Suite -->
</testng-results>
